<?xml version="1.0" encoding="UTF-8"?>
<!-- Generated by org.testng.reporters.JUnitReportReporter -->
<testsuite skipped="0" hostname="LT049465" name="com.test.EbayTest" tests="6" failures="0" timestamp="15 Feb 2018 05:48:17 GMT" time="67.695" errors="0">
  <testcase name="login" time="5.372" classname="com.test.EbayTest"/>
  <testcase name="loginScreenPage" time="16.323" classname="com.test.EbayTest"/>
  <testcase name="noThanksPage" time="5.233" classname="com.test.EbayTest"/>
  <testcase name="searchProduct" time="15.345" classname="com.test.EbayTest"/>
  <testcase name="buyItNow" time="25.316" classname="com.test.EbayTest"/>
  <testcase name="swipeVertical" time="0.106" classname="com.test.EbayTest"/>
</testsuite> <!-- com.test.EbayTest -->
