<?xml version="1.0" encoding="UTF-8"?>
<!-- Generated by org.testng.reporters.JUnitReportReporter -->
<testsuite skipped="0" hostname="LT049465" name="com.test.Signout" tests="1" failures="0" timestamp="15 Feb 2018 12:11:30 GMT" time="4.525" errors="0">
  <testcase name="signout" time="4.525" classname="com.test.Signout"/>
</testsuite> <!-- com.test.Signout -->
