<?xml version="1.0" encoding="UTF-8"?>
<!-- Generated by org.testng.reporters.JUnitReportReporter -->
<testsuite skipped="0" hostname="LT049465" name="com.test.SearchAndPayment" tests="5" failures="0" timestamp="15 Feb 2018 12:11:30 GMT" time="22.345" errors="0">
  <testcase name="searchProduct" time="20.806" classname="com.test.SearchAndPayment"/>
  <testcase name="buyItNow" time="0.834" classname="com.test.SearchAndPayment"/>
  <testcase name="swipeVertical" time="0.016" classname="com.test.SearchAndPayment"/>
  <testcase name="proceedToPay" time="0.001" classname="com.test.SearchAndPayment"/>
  <testcase name="paymentMethod" time="0.688" classname="com.test.SearchAndPayment"/>
</testsuite> <!-- com.test.SearchAndPayment -->
