<?xml version="1.0" encoding="UTF-8"?>
<!-- Generated by org.testng.reporters.JUnitReportReporter -->
<testsuite skipped="0" hostname="LT049465" name="com.test.LoginEbayApp" tests="3" failures="0" timestamp="15 Feb 2018 12:11:30 GMT" time="28.464" errors="0">
  <testcase name="performOrientation" time="1.667" classname="com.test.LoginEbayApp"/>
  <testcase name="loginScreenPage" time="26.601" classname="com.test.LoginEbayApp"/>
  <testcase name="noThanksPage" time="0.196" classname="com.test.LoginEbayApp"/>
</testsuite> <!-- com.test.LoginEbayApp -->
